<?xml version="1.0" encoding="UTF-8"?>
<!-- Generated by org.testng.reporters.JUnitReportReporter -->
<testsuite name="com.testing.TestScripts.TC8_GetRequestEmployee" tests="1" time="0.042" ignored="0" failures="0" timestamp="06 Jan 2021 01:15:06 GMT" skipped="0" hostname="DESKTOP-Q2CF6PV" errors="0">
  <testcase name="getRequest" time="0.042" classname="com.testing.TestScripts.TC8_GetRequestEmployee"/>
</testsuite> <!-- com.testing.TestScripts.TC8_GetRequestEmployee -->
