<?xml version="1.0" encoding="UTF-8"?>
<!-- Generated by org.testng.reporters.JUnitReportReporter -->
<testsuite name="com.testing.TestScripts.TC7_PostRequestEmployee" tests="1" time="1.853" ignored="0" failures="0" timestamp="06 Jan 2021 01:15:06 GMT" skipped="0" hostname="DESKTOP-Q2CF6PV" errors="0">
  <testcase name="testCase7" time="1.853" classname="com.testing.TestScripts.TC7_PostRequestEmployee"/>
</testsuite> <!-- com.testing.TestScripts.TC7_PostRequestEmployee -->
