<?xml version="1.0" encoding="UTF-8"?>
<!-- Generated by org.testng.reporters.JUnitReportReporter -->
<testsuite name="com.testing.TestScripts.TC9_GetSingleEmployeeDetails" tests="1" time="0.034" ignored="0" failures="0" timestamp="06 Jan 2021 01:15:06 GMT" skipped="0" hostname="DESKTOP-Q2CF6PV" errors="0">
  <testcase name="getSingleRecordDetails" time="0.034" classname="com.testing.TestScripts.TC9_GetSingleEmployeeDetails"/>
</testsuite> <!-- com.testing.TestScripts.TC9_GetSingleEmployeeDetails -->
